<?xml version="1.0" encoding="UTF-8"?>
<!-- Generated by org.testng.reporters.JUnitReportReporter -->
<testsuite skipped="0" hostname="Saurabhs-MacBook-Pro.local" name="test.java.CustomerRagistration.CustomerRagistration.TestCustomerForm" tests="4" failures="0" timestamp="06 Dec 2020 19:36:52 GMT" time="24.462" errors="0">
  <testcase name="testInValidCustomerDetails" time="5.980" classname="test.java.CustomerRagistration.CustomerRagistration.TestCustomerForm"/>
  <testcase name="testInValidCustomerDetails" time="5.861" classname="test.java.CustomerRagistration.CustomerRagistration.TestCustomerForm"/>
  <testcase name="testInValidCustomerDetails" time="6.405" classname="test.java.CustomerRagistration.CustomerRagistration.TestCustomerForm"/>
  <testcase name="testInValidCustomerDetails" time="6.216" classname="test.java.CustomerRagistration.CustomerRagistration.TestCustomerForm"/>
</testsuite> <!-- test.java.CustomerRagistration.CustomerRagistration.TestCustomerForm -->
